<?xml version="1.0" encoding="UTF-8"?>
<!-- Generated by org.testng.reporters.JUnitReportReporter -->
<testsuite hostname="BHUVNESH" failures="0" tests="1" name="tests.CreateOrder" time="3.793" errors="0" timestamp="2024-01-19T16:21:38 IST" skipped="0">
  <testcase classname="tests.CreateOrder" name="OrderItem" time="3.793"/>
  <system-out/>
</testsuite> <!-- tests.CreateOrder -->
